[train][54456] -> hist(5924, 24), nwp(5924, 24, 2, 7, 7), y(5924, 24), nwin=5924
[train][54538] -> hist(5915, 24), nwp(5915, 24, 2, 7, 7), y(5915, 24), nwin=5915
[train][54544] -> hist(5866, 24), nwp(5866, 24, 2, 7, 7), y(5866, 24), nwin=5866
[train][54552] -> hist(5361, 24), nwp(5361, 24, 2, 7, 7), y(5361, 24), nwin=5361
[train][54579] -> hist(5923, 24), nwp(5923, 24, 2, 7, 7), y(5923, 24), nwin=5923
[train][54630] -> hist(5131, 24), nwp(5131, 24, 2, 7, 7), y(5131, 24), nwin=5131
[train][54641] -> hist(4800, 24), nwp(4800, 24, 2, 7, 7), y(4800, 24), nwin=4800
[train][54646] -> hist(5955, 24), nwp(5955, 24, 2, 7, 7), y(5955, 24), nwin=5955
[train][54647] -> hist(5917, 24), nwp(5917, 24, 2, 7, 7), y(5917, 24), nwin=5917
[train][54649] -> hist(5377, 24), nwp(5377, 24, 2, 7, 7), y(5377, 24), nwin=5377
[train][54655] -> hist(5921, 24), nwp(5921, 24, 2, 7, 7), y(5921, 24), nwin=5921
[train][54659] -> hist(5919, 24), nwp(5919, 24, 2, 7, 7), y(5919, 24), nwin=5919
[train][54660] -> hist(5921, 24), nwp(5921, 24, 2, 7, 7), y(5921, 24), nwin=5921
[train][54741] -> hist(4981, 24), nwp(4981, 24, 2, 7, 7), y(4981, 24), nwin=4981
[train][54750] -> hist(5652, 24), nwp(5652, 24, 2, 7, 7), y(5652, 24), nwin=5652
[train][A2662] -> hist(5955, 24), nwp(5955, 24, 2, 7, 7), y(5955, 24), nwin=5955
[train][A3171] -> hist(5955, 24), nwp(5955, 24, 2, 7, 7), y(5955, 24), nwin=5955
[train][D0029] -> hist(5913, 24), nwp(5913, 24, 2, 7, 7), y(5913, 24), nwin=5913
[train][D0046] -> hist(5920, 24), nwp(5920, 24, 2, 7, 7), y(5920, 24), nwin=5920
[train][D1104] -> hist(5897, 24), nwp(5897, 24, 2, 7, 7), y(5897, 24), nwin=5897
[train][D2002] -> hist(5912, 24), nwp(5912, 24, 2, 7, 7), y(5912, 24), nwin=5912
[train][D3118] -> hist(5909, 24), nwp(5909, 24, 2, 7, 7), y(5909, 24), nwin=5909
[train][L2207] -> hist(5919, 24), nwp(5919, 24, 2, 7, 7), y(5919, 24), nwin=5919
[train][L2232] -> hist(5927, 24), nwp(5927, 24, 2, 7, 7), y(5927, 24), nwin=5927
[val  ][54456] -> hist(1446, 24), nwp(1446, 24, 2, 7, 7), y(1446, 24), nwin=1446
[val  ][54538] -> hist(1444, 24), nwp(1444, 24, 2, 7, 7), y(1444, 24), nwin=1444
[val  ][54544] -> hist(1432, 24), nwp(1432, 24, 2, 7, 7), y(1432, 24), nwin=1432
[val  ][54552] -> hist(1305, 24), nwp(1305, 24, 2, 7, 7), y(1305, 24), nwin=1305
[val  ][54579] -> hist(1446, 24), nwp(1446, 24, 2, 7, 7), y(1446, 24), nwin=1446
[val  ][54630] -> hist(1248, 24), nwp(1248, 24, 2, 7, 7), y(1248, 24), nwin=1248
[val  ][54641] -> hist(1165, 24), nwp(1165, 24, 2, 7, 7), y(1165, 24), nwin=1165
[val  ][54646] -> hist(1454, 24), nwp(1454, 24, 2, 7, 7), y(1454, 24), nwin=1454
[val  ][54647] -> hist(1444, 24), nwp(1444, 24, 2, 7, 7), y(1444, 24), nwin=1444
[val  ][54649] -> hist(1309, 24), nwp(1309, 24, 2, 7, 7), y(1309, 24), nwin=1309
[val  ][54655] -> hist(1446, 24), nwp(1446, 24, 2, 7, 7), y(1446, 24), nwin=1446
[val  ][54659] -> hist(1445, 24), nwp(1445, 24, 2, 7, 7), y(1445, 24), nwin=1445
[val  ][54660] -> hist(1445, 24), nwp(1445, 24, 2, 7, 7), y(1445, 24), nwin=1445
[val  ][54741] -> hist(1210, 24), nwp(1210, 24, 2, 7, 7), y(1210, 24), nwin=1210
[val  ][54750] -> hist(1378, 24), nwp(1378, 24, 2, 7, 7), y(1378, 24), nwin=1378
[val  ][A2662] -> hist(1454, 24), nwp(1454, 24, 2, 7, 7), y(1454, 24), nwin=1454
[val  ][A3171] -> hist(1454, 24), nwp(1454, 24, 2, 7, 7), y(1454, 24), nwin=1454
[val  ][D0029] -> hist(1444, 24), nwp(1444, 24, 2, 7, 7), y(1444, 24), nwin=1444
[val  ][D0046] -> hist(1445, 24), nwp(1445, 24, 2, 7, 7), y(1445, 24), nwin=1445
[val  ][D1104] -> hist(1439, 24), nwp(1439, 24, 2, 7, 7), y(1439, 24), nwin=1439
[val  ][D2002] -> hist(1443, 24), nwp(1443, 24, 2, 7, 7), y(1443, 24), nwin=1443
[val  ][D3118] -> hist(1443, 24), nwp(1443, 24, 2, 7, 7), y(1443, 24), nwin=1443
[val  ][L2207] -> hist(1445, 24), nwp(1445, 24, 2, 7, 7), y(1445, 24), nwin=1445
[val  ][L2232] -> hist(1447, 24), nwp(1447, 24, 2, 7, 7), y(1447, 24), nwin=1447
hist_train_all: (137870, 24)
model_train_all: (137870, 24, 2, 7, 7)
obs_train_all  : (137870, 24)
hist_val_all  : (33631, 24)
model_val_all  : (33631, 24, 2, 7, 7)
obs_val_all    : (33631, 24)

========== 开始统一训练模型 ==========

(137870, 5)
(137870, 24)
(137870, 24, 2, 7, 7)
(137870, 24)
Epoch 1: Train 0.6119, Val 0.6889
Epoch 2: Train 0.5867, Val 0.6616
Epoch 3: Train 0.5811, Val 0.6645
Epoch 4: Train 0.5775, Val 0.6578
Epoch 5: Train 0.5749, Val 0.6640
Epoch 6: Train 0.5726, Val 0.6523
Epoch 7: Train 0.5707, Val 0.6538
Epoch 8: Train 0.5690, Val 0.6518
Epoch 9: Train 0.5675, Val 0.6677
Epoch 10: Train 0.5662, Val 0.6607
Epoch 11: Train 0.5647, Val 0.6587
Early Stop at epoch 11
Total MSE: 7.484192
Total MAE: 1.9698856

